<?xml version="1.0" encoding="UTF-8"?>
<testsuite xmlns:xsi="http://www.w3.org/2001/XMLSchema-instance" xsi:noNamespaceSchemaLocation="https://maven.apache.org/surefire/maven-surefire-plugin/xsd/surefire-test-report.xsd" version="3.0.2" name="edu.tcu.cs.frogcrewbackend.game.GameScheduleControllerTest" time="1.65" tests="4" errors="0" skipped="0" failures="0">
  <properties>
[...]
</properties>
  <testcase name="testFindAllGameSchedulesSuccess" classname="edu.tcu.cs.frogcrewbackend.game.GameScheduleControllerTest" time="0.006">
    <system-out><![CDATA[2025-04-29T15:57:18.227-05:00  INFO 678 --- [FrogCrew-backend] [           main] t.c.s.AnnotationConfigContextLoaderUtils : Could not detect default configuration classes for test class [edu.tcu.cs.frogcrewbackend.game.GameScheduleControllerTest]: GameScheduleControllerTest does not declare any static, non-private, non-final, nested classes annotated with @Configuration.
2025-04-29T15:57:18.228-05:00  INFO 678 --- [FrogCrew-backend] [           main] .b.t.c.SpringBootTestContextBootstrapper : Found @SpringBootConfiguration edu.tcu.cs.frogcrewbackend.FrogCrewBackendApplication for test class edu.tcu.cs.frogcrewbackend.game.GameScheduleControllerTest
2025-04-29T15:57:18.229-05:00  INFO 678 --- [FrogCrew-backend] [           main] o.s.b.d.r.RestartApplicationListener     : Restart disabled due to context in which it is running

  .   ____          _            __ _ _
 /\\ / ___'_ __ _ _(_)_ __  __ _ \ \ \ \
( ( )\___ | '_ | '_| | '_ \/ _` | \ \ \ \
 \\/  ___)| |_)| | | | | || (_| |  ) ) ) )
  '  |____| .__|_| |_|_| |_\__, | / / / /
 =========|_|==============|___/=/_/_/_/

 :: Spring Boot ::                (v3.4.4)

2025-04-29T15:57:18.237-05:00  INFO 678 --- [FrogCrew-backend] [           main] e.t.c.f.game.GameScheduleControllerTest  : Starting GameScheduleControllerTest using Java 24 with PID 678 (started by doankhoa in /Users/doankhoa/FrogCrew/backend)
2025-04-29T15:57:18.237-05:00  INFO 678 --- [FrogCrew-backend] [           main] e.t.c.f.game.GameScheduleControllerTest  : No active profile set, falling back to 1 default profile: "default"
2025-04-29T15:57:18.290-05:00  INFO 678 --- [FrogCrew-backend] [           main] .s.d.r.c.RepositoryConfigurationDelegate : Bootstrapping Spring Data JPA repositories in DEFAULT mode.
2025-04-29T15:57:18.295-05:00  INFO 678 --- [FrogCrew-backend] [           main] .s.d.r.c.RepositoryConfigurationDelegate : Finished Spring Data repository scanning in 4 ms. Found 6 JPA repository interfaces.
2025-04-29T15:57:18.395-05:00  INFO 678 --- [FrogCrew-backend] [           main] com.zaxxer.hikari.HikariDataSource       : HikariPool-6 - Starting...
2025-04-29T15:57:18.396-05:00  INFO 678 --- [FrogCrew-backend] [           main] com.zaxxer.hikari.pool.HikariPool        : HikariPool-6 - Added connection conn50: url=jdbc:h2:mem:frogcrew user=SA
2025-04-29T15:57:18.396-05:00  INFO 678 --- [FrogCrew-backend] [           main] com.zaxxer.hikari.HikariDataSource       : HikariPool-6 - Start completed.
2025-04-29T15:57:18.397-05:00  INFO 678 --- [FrogCrew-backend] [           main] o.hibernate.jpa.internal.util.LogHelper  : HHH000204: Processing PersistenceUnitInfo [name: default]
2025-04-29T15:57:18.398-05:00  INFO 678 --- [FrogCrew-backend] [           main] o.h.c.internal.RegionFactoryInitiator    : HHH000026: Second-level cache disabled
2025-04-29T15:57:18.401-05:00  INFO 678 --- [FrogCrew-backend] [           main] o.s.o.j.p.SpringPersistenceUnitInfo      : No LoadTimeWeaver setup: ignoring JPA class transformer
2025-04-29T15:57:18.402-05:00  INFO 678 --- [FrogCrew-backend] [           main] org.hibernate.orm.connections.pooling    : HHH10001005: Database info:
	Database JDBC URL [Connecting through datasource 'HikariDataSource (HikariPool-6)']
	Database driver: undefined/unknown
	Database version: 2.3.232
	Autocommit mode: undefined/unknown
	Isolation level: undefined/unknown
	Minimum pool size: undefined/unknown
	Maximum pool size: undefined/unknown
Hibernate: create global temporary table HTE_game_schedule(rn_ integer not null, schedule_id integer, season varchar(255), sport varchar(255), primary key (rn_)) TRANSACTIONAL
Hibernate: create global temporary table HTE_crew_list(game_game_id integer, id integer, rn_ integer not null, primary key (rn_)) TRANSACTIONAL
Hibernate: create global temporary table HTE_game(crew_list_id integer, game_id integer, is_finalized boolean, rn_ integer not null, schedule_schedule_id integer, game_date varchar(255), opponent varchar(255), venue varchar(255), primary key (rn_)) TRANSACTIONAL
Hibernate: create global temporary table HTE_member(id integer, rn_ integer not null, email varchar(255), first_name varchar(255), last_name varchar(255), password varchar(255), phone_number varchar(255), positions varchar(255), role varchar(255), primary key (rn_)) TRANSACTIONAL
2025-04-29T15:57:18.443-05:00  INFO 678 --- [FrogCrew-backend] [           main] o.h.e.t.j.p.i.JtaPlatformInitiator       : HHH000489: No JTA platform available (set 'hibernate.transaction.jta.platform' to enable JTA platform integration)
Hibernate: drop table if exists availability cascade 
Hibernate: drop table if exists crewed_user cascade 
Hibernate: drop table if exists crew_list cascade 
Hibernate: drop table if exists crew_list_crewed_users cascade 
Hibernate: drop table if exists game cascade 
Hibernate: drop table if exists game_schedule cascade 
Hibernate: drop table if exists member cascade 
Hibernate: drop sequence if exists crew_list_seq
Hibernate: drop sequence if exists game_schedule_seq
Hibernate: drop sequence if exists game_seq
Hibernate: drop sequence if exists member_seq
Hibernate: create sequence crew_list_seq start with 1 increment by 50
Hibernate: create sequence game_schedule_seq start with 1 increment by 50
Hibernate: create sequence game_seq start with 1 increment by 50
Hibernate: create sequence member_seq start with 1 increment by 50
Hibernate: create table availability (availability boolean, game_id integer, user_id integer not null, comment varchar(255), primary key (user_id))
Hibernate: create table crewed_user (crewed_user_id integer not null, game_id integer not null, user_id integer unique, position varchar(255) not null, report_location varchar(255), report_time varchar(255), primary key (crewed_user_id))
Hibernate: create table crew_list (game_game_id integer unique, id integer not null, primary key (id))
Hibernate: create table crew_list_crewed_users (crew_list_id integer not null, crewed_users_crewed_user_id integer not null unique)
Hibernate: create table game (crew_list_id integer unique, game_id integer not null, is_finalized boolean not null, schedule_schedule_id integer, game_date varchar(255) not null, opponent varchar(255) not null, venue varchar(255) not null, primary key (game_id))
Hibernate: create table game_schedule (schedule_id integer not null, season varchar(255) not null, sport varchar(255) not null, primary key (schedule_id))
Hibernate: create table member (id integer not null, email varchar(255) not null, first_name varchar(255) not null, last_name varchar(255) not null, password varchar(255) not null, phone_number varchar(255) not null, positions varchar(255) not null, role varchar(255) not null, primary key (id))
Hibernate: alter table if exists crewed_user add constraint FKfu8qe0leel2smfrna6d0or06y foreign key (game_id) references game
Hibernate: alter table if exists crewed_user add constraint FKjn35mj9a26a1ko59r3j6wn03b foreign key (user_id) references member
Hibernate: alter table if exists crew_list add constraint FK5ya456w3jwyl8gpihu1bwn6hw foreign key (game_game_id) references game
Hibernate: alter table if exists crew_list_crewed_users add constraint FKbkos1fyrx42u99kfbxhhq49rk foreign key (crewed_users_crewed_user_id) references crewed_user
Hibernate: alter table if exists crew_list_crewed_users add constraint FKgwd32od0cpvqtv9ka2m35ne77 foreign key (crew_list_id) references crew_list
Hibernate: alter table if exists game add constraint FK5lsp5bodcwogqe79n42gfmox7 foreign key (crew_list_id) references crew_list
Hibernate: alter table if exists game add constraint FK9vvjv7b06j86g6h5yco9in20x foreign key (schedule_schedule_id) references game_schedule
2025-04-29T15:57:18.450-05:00  INFO 678 --- [FrogCrew-backend] [           main] j.LocalContainerEntityManagerFactoryBean : Initialized JPA EntityManagerFactory for persistence unit 'default'
2025-04-29T15:57:18.473-05:00  WARN 678 --- [FrogCrew-backend] [           main] JpaBaseConfiguration$JpaWebConfiguration : spring.jpa.open-in-view is enabled by default. Therefore, database queries may be performed during view rendering. Explicitly configure spring.jpa.open-in-view to disable this warning
2025-04-29T15:57:18.564-05:00  INFO 678 --- [FrogCrew-backend] [           main] r$InitializeUserDetailsManagerConfigurer : Global AuthenticationManager configured with UserDetailsService bean with name userService
2025-04-29T15:57:18.603-05:00  INFO 678 --- [FrogCrew-backend] [           main] o.s.b.t.m.w.SpringBootMockServletContext : Initializing Spring TestDispatcherServlet ''
2025-04-29T15:57:18.603-05:00  INFO 678 --- [FrogCrew-backend] [           main] o.s.t.web.servlet.TestDispatcherServlet  : Initializing Servlet ''
2025-04-29T15:57:18.603-05:00  INFO 678 --- [FrogCrew-backend] [           main] o.s.t.web.servlet.TestDispatcherServlet  : Completed initialization in 0 ms
2025-04-29T15:57:18.606-05:00  INFO 678 --- [FrogCrew-backend] [           main] e.t.c.f.game.GameScheduleControllerTest  : Started GameScheduleControllerTest in 0.377 seconds (process running for 11.692)
Hibernate: select next value for member_seq
Hibernate: insert into member (email,first_name,last_name,password,phone_number,positions,role,id) values (?,?,?,?,?,?,?,?)
Hibernate: select next value for member_seq
Hibernate: insert into member (email,first_name,last_name,password,phone_number,positions,role,id) values (?,?,?,?,?,?,?,?)
Hibernate: insert into member (email,first_name,last_name,password,phone_number,positions,role,id) values (?,?,?,?,?,?,?,?)
Hibernate: insert into member (email,first_name,last_name,password,phone_number,positions,role,id) values (?,?,?,?,?,?,?,?)
Hibernate: select next value for game_schedule_seq
Hibernate: select next value for game_seq
Hibernate: select next value for game_seq
Hibernate: insert into game_schedule (season,sport,schedule_id) values (?,?,?)
Hibernate: insert into game (crew_list_id,game_date,is_finalized,opponent,schedule_schedule_id,venue,game_id) values (?,?,?,?,?,?,?)
Hibernate: insert into game (crew_list_id,game_date,is_finalized,opponent,schedule_schedule_id,venue,game_id) values (?,?,?,?,?,?,?)
Hibernate: select next value for game_schedule_seq
Hibernate: insert into game_schedule (season,sport,schedule_id) values (?,?,?)
Hibernate: select g1_0.game_id,cl1_0.id,g2_0.game_id,g2_0.crew_list_id,g2_0.game_date,g2_0.is_finalized,g2_0.opponent,s1_0.schedule_id,s1_0.season,s1_0.sport,g2_0.venue,g1_0.game_date,g1_0.is_finalized,g1_0.opponent,s2_0.schedule_id,s2_0.season,s2_0.sport,g1_0.venue from game g1_0 left join crew_list cl1_0 on cl1_0.id=g1_0.crew_list_id left join game g2_0 on g2_0.game_id=cl1_0.game_game_id left join game_schedule s1_0 on s1_0.schedule_id=g2_0.schedule_schedule_id left join game_schedule s2_0 on s2_0.schedule_id=g1_0.schedule_schedule_id where g1_0.game_id=?
Hibernate: select g1_0.schedule_schedule_id,g1_0.game_id,cl1_0.id,g2_0.game_id,g2_0.crew_list_id,g2_0.game_date,g2_0.is_finalized,g2_0.opponent,g2_0.schedule_schedule_id,g2_0.venue,g1_0.game_date,g1_0.is_finalized,g1_0.opponent,g1_0.venue from game g1_0 left join crew_list cl1_0 on cl1_0.id=g1_0.crew_list_id left join game g2_0 on g2_0.game_id=cl1_0.game_game_id where g1_0.schedule_schedule_id=?
Hibernate: select g1_0.game_id,cl1_0.id,g2_0.game_id,g2_0.crew_list_id,g2_0.game_date,g2_0.is_finalized,g2_0.opponent,s1_0.schedule_id,s1_0.season,s1_0.sport,g2_0.venue,g1_0.game_date,g1_0.is_finalized,g1_0.opponent,s2_0.schedule_id,s2_0.season,s2_0.sport,g1_0.venue from game g1_0 left join crew_list cl1_0 on cl1_0.id=g1_0.crew_list_id left join game g2_0 on g2_0.game_id=cl1_0.game_game_id left join game_schedule s1_0 on s1_0.schedule_id=g2_0.schedule_schedule_id left join game_schedule s2_0 on s2_0.schedule_id=g1_0.schedule_schedule_id where g1_0.game_id=?
Hibernate: select g1_0.schedule_schedule_id,g1_0.game_id,cl1_0.id,g2_0.game_id,g2_0.crew_list_id,g2_0.game_date,g2_0.is_finalized,g2_0.opponent,g2_0.schedule_schedule_id,g2_0.venue,g1_0.game_date,g1_0.is_finalized,g1_0.opponent,g1_0.venue from game g1_0 left join crew_list cl1_0 on cl1_0.id=g1_0.crew_list_id left join game g2_0 on g2_0.game_id=cl1_0.game_game_id where g1_0.schedule_schedule_id=?
Hibernate: select cu1_0.crewed_user_id,cu1_0.game_id,g1_0.game_id,cl1_0.id,g2_0.game_id,g2_0.crew_list_id,g2_0.game_date,g2_0.is_finalized,g2_0.opponent,s1_0.schedule_id,s1_0.season,s1_0.sport,g2_0.venue,g1_0.game_date,g1_0.is_finalized,g1_0.opponent,s2_0.schedule_id,s2_0.season,s2_0.sport,g1_0.venue,cu1_0.position,cu1_0.report_location,cu1_0.report_time,u1_0.id,u1_0.email,u1_0.first_name,u1_0.last_name,u1_0.password,u1_0.phone_number,u1_0.positions,u1_0.role from crewed_user cu1_0 join game g1_0 on g1_0.game_id=cu1_0.game_id left join crew_list cl1_0 on cl1_0.id=g1_0.crew_list_id left join game g2_0 on g2_0.game_id=cl1_0.game_game_id left join game_schedule s1_0 on s1_0.schedule_id=g2_0.schedule_schedule_id left join game_schedule s2_0 on s2_0.schedule_id=g1_0.schedule_schedule_id left join member u1_0 on u1_0.id=cu1_0.user_id where cu1_0.crewed_user_id=?
Hibernate: select m1_0.id,m1_0.email,m1_0.first_name,m1_0.last_name,m1_0.password,m1_0.phone_number,m1_0.positions,m1_0.role from member m1_0 where m1_0.id=?
Hibernate: select g1_0.game_id,cl1_0.id,g2_0.game_id,g2_0.crew_list_id,g2_0.game_date,g2_0.is_finalized,g2_0.opponent,s1_0.schedule_id,s1_0.season,s1_0.sport,g2_0.venue,g1_0.game_date,g1_0.is_finalized,g1_0.opponent,s2_0.schedule_id,s2_0.season,s2_0.sport,g1_0.venue from game g1_0 left join crew_list cl1_0 on cl1_0.id=g1_0.crew_list_id left join game g2_0 on g2_0.game_id=cl1_0.game_game_id left join game_schedule s1_0 on s1_0.schedule_id=g2_0.schedule_schedule_id left join game_schedule s2_0 on s2_0.schedule_id=g1_0.schedule_schedule_id where g1_0.game_id=?
Hibernate: insert into crewed_user (game_id,position,report_location,report_time,user_id,crewed_user_id) values (?,?,?,?,?,?)
Hibernate: select cu1_0.crewed_user_id,cu1_0.game_id,g1_0.game_id,cl1_0.id,g2_0.game_id,g2_0.crew_list_id,g2_0.game_date,g2_0.is_finalized,g2_0.opponent,s1_0.schedule_id,s1_0.season,s1_0.sport,g2_0.venue,g1_0.game_date,g1_0.is_finalized,g1_0.opponent,s2_0.schedule_id,s2_0.season,s2_0.sport,g1_0.venue,cu1_0.position,cu1_0.report_location,cu1_0.report_time,u1_0.id,u1_0.email,u1_0.first_name,u1_0.last_name,u1_0.password,u1_0.phone_number,u1_0.positions,u1_0.role from crewed_user cu1_0 join game g1_0 on g1_0.game_id=cu1_0.game_id left join crew_list cl1_0 on cl1_0.id=g1_0.crew_list_id left join game g2_0 on g2_0.game_id=cl1_0.game_game_id left join game_schedule s1_0 on s1_0.schedule_id=g2_0.schedule_schedule_id left join game_schedule s2_0 on s2_0.schedule_id=g1_0.schedule_schedule_id left join member u1_0 on u1_0.id=cu1_0.user_id where cu1_0.crewed_user_id=?
Hibernate: select m1_0.id,m1_0.email,m1_0.first_name,m1_0.last_name,m1_0.password,m1_0.phone_number,m1_0.positions,m1_0.role from member m1_0 where m1_0.id=?
Hibernate: select g1_0.game_id,cl1_0.id,g2_0.game_id,g2_0.crew_list_id,g2_0.game_date,g2_0.is_finalized,g2_0.opponent,s1_0.schedule_id,s1_0.season,s1_0.sport,g2_0.venue,g1_0.game_date,g1_0.is_finalized,g1_0.opponent,s2_0.schedule_id,s2_0.season,s2_0.sport,g1_0.venue from game g1_0 left join crew_list cl1_0 on cl1_0.id=g1_0.crew_list_id left join game g2_0 on g2_0.game_id=cl1_0.game_game_id left join game_schedule s1_0 on s1_0.schedule_id=g2_0.schedule_schedule_id left join game_schedule s2_0 on s2_0.schedule_id=g1_0.schedule_schedule_id where g1_0.game_id=?
Hibernate: insert into crewed_user (game_id,position,report_location,report_time,user_id,crewed_user_id) values (?,?,?,?,?,?)
Hibernate: select next value for crew_list_seq
Hibernate: select null,cu1_0.game_id,cu1_0.position,cu1_0.report_location,cu1_0.report_time,cu1_0.user_id from crewed_user cu1_0 where cu1_0.crewed_user_id=?
Hibernate: select null,cu1_0.game_id,cu1_0.position,cu1_0.report_location,cu1_0.report_time,cu1_0.user_id from crewed_user cu1_0 where cu1_0.crewed_user_id=?
Hibernate: insert into crew_list (game_game_id,id) values (?,?)
Hibernate: insert into crew_list_crewed_users (crew_list_id,crewed_users_crewed_user_id) values (?,?)
Hibernate: insert into crew_list_crewed_users (crew_list_id,crewed_users_crewed_user_id) values (?,?)
Hibernate: select g1_0.game_id,cl1_0.id,g2_0.game_id,g2_0.crew_list_id,g2_0.game_date,g2_0.is_finalized,g2_0.opponent,s1_0.schedule_id,s1_0.season,s1_0.sport,g2_0.venue,g1_0.game_date,g1_0.is_finalized,g1_0.opponent,s2_0.schedule_id,s2_0.season,s2_0.sport,g1_0.venue from game g1_0 left join crew_list cl1_0 on cl1_0.id=g1_0.crew_list_id left join game g2_0 on g2_0.game_id=cl1_0.game_game_id left join game_schedule s1_0 on s1_0.schedule_id=g2_0.schedule_schedule_id left join game_schedule s2_0 on s2_0.schedule_id=g1_0.schedule_schedule_id where g1_0.game_id=?
Hibernate: select g1_0.schedule_schedule_id,g1_0.game_id,cl1_0.id,g2_0.game_id,g2_0.crew_list_id,g2_0.game_date,g2_0.is_finalized,g2_0.opponent,g2_0.schedule_schedule_id,g2_0.venue,g1_0.game_date,g1_0.is_finalized,g1_0.opponent,g1_0.venue from game g1_0 left join crew_list cl1_0 on cl1_0.id=g1_0.crew_list_id left join game g2_0 on g2_0.game_id=cl1_0.game_game_id where g1_0.schedule_schedule_id=?
Hibernate: select cl1_0.id,g1_0.game_id,cl2_0.id,cl2_0.game_game_id,g1_0.game_date,g1_0.is_finalized,g1_0.opponent,s1_0.schedule_id,s1_0.season,s1_0.sport,g1_0.venue from crew_list cl1_0 left join game g1_0 on g1_0.game_id=cl1_0.game_game_id left join crew_list cl2_0 on cl2_0.id=g1_0.crew_list_id left join game_schedule s1_0 on s1_0.schedule_id=g1_0.schedule_schedule_id where cl1_0.id=?
Hibernate: update game set crew_list_id=?,game_date=?,is_finalized=?,opponent=?,schedule_schedule_id=?,venue=? where game_id=?
]]></system-out>
  </testcase>
  <testcase name="testFindGamesByScheduleIdSuccess" classname="edu.tcu.cs.frogcrewbackend.game.GameScheduleControllerTest" time="0.007"/>
  <testcase name="testAddGameScheduleSuccess" classname="edu.tcu.cs.frogcrewbackend.game.GameScheduleControllerTest" time="0.029"/>
  <testcase name="testAddGameToScheduleSuccess" classname="edu.tcu.cs.frogcrewbackend.game.GameScheduleControllerTest" time="0.006"/>
</testsuite>